[2016 Mar 08 Tue 11:11:38 pm] Begin: NusoapSoap->__construct
[2016 Mar 08 Tue 11:11:38 pm] End: NusoapSoap->__construct
[2016 Mar 08 Tue 11:11:38 pm] Begin: NusoapSoap->registerClass
[2016 Mar 08 Tue 11:11:38 pm] End: NusoapSoap->registerClass
[2016 Mar 08 Tue 11:11:38 pm] Begin: SugarSoapService2->register
[2016 Mar 08 Tue 11:11:38 pm] Begin: registry->registerFunction
[2016 Mar 08 Tue 11:11:38 pm] END: registry->registerFunction
[2016 Mar 08 Tue 11:11:38 pm] End: SugarSoapService2->register
[2016 Mar 08 Tue 11:11:38 pm] Begin: NusoapSoap->registerImplClass
[2016 Mar 08 Tue 11:11:38 pm] End: NusoapSoap->registerImplClass
[2016 Mar 08 Tue 11:11:38 pm] Begin: NusoapSoap->serve
[2016 Mar 08 Tue 11:11:38 pm] RUNNING LOOKING FOR path==../../../resources/testdata/cil-rest/getAllProfile/24cd18763d956d717cb3cd6013406674
[2016 Mar 08 Tue 11:11:38 pm] /var/www/html/MockServer/src/cil-soap
[2016 Mar 08 Tue 11:11:38 pm] RUNNING REQUEST FOUND ==../../../resources/testdata/cil-rest/getAllProfile/24cd18763d956d717cb3cd6013406674
[2016 Mar 08 Tue 11:11:39 pm] Begin: NusoapSoap->__construct
[2016 Mar 08 Tue 11:11:39 pm] End: NusoapSoap->__construct
[2016 Mar 08 Tue 11:11:39 pm] Begin: NusoapSoap->registerClass
[2016 Mar 08 Tue 11:11:39 pm] End: NusoapSoap->registerClass
[2016 Mar 08 Tue 11:11:39 pm] Begin: SugarSoapService2->register
[2016 Mar 08 Tue 11:11:39 pm] Begin: registry->registerFunction
[2016 Mar 08 Tue 11:11:39 pm] END: registry->registerFunction
[2016 Mar 08 Tue 11:11:39 pm] End: SugarSoapService2->register
[2016 Mar 08 Tue 11:11:39 pm] Begin: NusoapSoap->registerImplClass
[2016 Mar 08 Tue 11:11:39 pm] End: NusoapSoap->registerImplClass
[2016 Mar 08 Tue 11:11:39 pm] Begin: NusoapSoap->serve
[2016 Mar 08 Tue 11:11:39 pm] RUNNING LOOKING FOR path==./resources/testdata/cil-rest/getAllProfile/24cd18763d956d717cb3cd6013406674
[2016 Mar 08 Tue 11:11:40 pm] Begin: NusoapSoap->__construct
[2016 Mar 08 Tue 11:11:40 pm] End: NusoapSoap->__construct
[2016 Mar 08 Tue 11:11:40 pm] Begin: NusoapSoap->registerClass
[2016 Mar 08 Tue 11:11:40 pm] End: NusoapSoap->registerClass
[2016 Mar 08 Tue 11:11:40 pm] Begin: SugarSoapService2->register
[2016 Mar 08 Tue 11:11:40 pm] Begin: registry->registerFunction
[2016 Mar 08 Tue 11:11:40 pm] END: registry->registerFunction
[2016 Mar 08 Tue 11:11:40 pm] End: SugarSoapService2->register
[2016 Mar 08 Tue 11:11:40 pm] Begin: NusoapSoap->registerImplClass
[2016 Mar 08 Tue 11:11:40 pm] End: NusoapSoap->registerImplClass
[2016 Mar 08 Tue 11:11:40 pm] Begin: NusoapSoap->serve
[2016 Mar 08 Tue 11:11:40 pm] RUNNING LOOKING FOR path==./resources/testdata/cil-rest/getAllProfile/24cd18763d956d717cb3cd6013406674
[2016 Mar 08 Tue 11:11:41 pm] Begin: NusoapSoap->__construct
[2016 Mar 08 Tue 11:11:41 pm] End: NusoapSoap->__construct
[2016 Mar 08 Tue 11:11:41 pm] Begin: NusoapSoap->registerClass
[2016 Mar 08 Tue 11:11:41 pm] End: NusoapSoap->registerClass
[2016 Mar 08 Tue 11:11:41 pm] Begin: SugarSoapService2->register
[2016 Mar 08 Tue 11:11:41 pm] Begin: registry->registerFunction
[2016 Mar 08 Tue 11:11:41 pm] END: registry->registerFunction
[2016 Mar 08 Tue 11:11:41 pm] End: SugarSoapService2->register
[2016 Mar 08 Tue 11:11:41 pm] Begin: NusoapSoap->registerImplClass
[2016 Mar 08 Tue 11:11:41 pm] End: NusoapSoap->registerImplClass
[2016 Mar 08 Tue 11:11:41 pm] Begin: NusoapSoap->serve
[2016 Mar 08 Tue 11:11:41 pm] RUNNING LOOKING FOR path==./resources/testdata/cil-rest/getAllProfile/24cd18763d956d717cb3cd6013406674
[2016 Mar 08 Tue 11:11:41 pm] Begin: NusoapSoap->__construct
[2016 Mar 08 Tue 11:11:41 pm] End: NusoapSoap->__construct
[2016 Mar 08 Tue 11:11:41 pm] Begin: NusoapSoap->registerClass
[2016 Mar 08 Tue 11:11:41 pm] End: NusoapSoap->registerClass
[2016 Mar 08 Tue 11:11:41 pm] Begin: SugarSoapService2->register
[2016 Mar 08 Tue 11:11:41 pm] Begin: registry->registerFunction
[2016 Mar 08 Tue 11:11:41 pm] END: registry->registerFunction
[2016 Mar 08 Tue 11:11:41 pm] End: SugarSoapService2->register
[2016 Mar 08 Tue 11:11:41 pm] Begin: NusoapSoap->registerImplClass
[2016 Mar 08 Tue 11:11:41 pm] End: NusoapSoap->registerImplClass
[2016 Mar 08 Tue 11:11:41 pm] Begin: NusoapSoap->serve
[2016 Mar 08 Tue 11:11:41 pm] RUNNING LOOKING FOR path==./resources/testdata/cil-rest/getAllProfile/7a4ba189625c4b35342c9e3f773c70d0
[2016 Mar 08 Tue 11:11:42 pm] Begin: NusoapSoap->__construct
[2016 Mar 08 Tue 11:11:42 pm] End: NusoapSoap->__construct
[2016 Mar 08 Tue 11:11:42 pm] Begin: NusoapSoap->registerClass
[2016 Mar 08 Tue 11:11:42 pm] End: NusoapSoap->registerClass
[2016 Mar 08 Tue 11:11:42 pm] Begin: SugarSoapService2->register
[2016 Mar 08 Tue 11:11:42 pm] Begin: registry->registerFunction
[2016 Mar 08 Tue 11:11:42 pm] END: registry->registerFunction
[2016 Mar 08 Tue 11:11:42 pm] End: SugarSoapService2->register
[2016 Mar 08 Tue 11:11:42 pm] Begin: NusoapSoap->registerImplClass
[2016 Mar 08 Tue 11:11:42 pm] End: NusoapSoap->registerImplClass
[2016 Mar 08 Tue 11:11:42 pm] Begin: NusoapSoap->serve
[2016 Mar 08 Tue 11:11:42 pm] RUNNING LOOKING FOR path==./resources/testdata/cil-rest/getAllProfile/7a4ba189625c4b35342c9e3f773c70d0
[2016 Mar 08 Tue 11:11:42 pm] Begin: NusoapSoap->__construct
[2016 Mar 08 Tue 11:11:42 pm] End: NusoapSoap->__construct
[2016 Mar 08 Tue 11:11:42 pm] Begin: NusoapSoap->registerClass
[2016 Mar 08 Tue 11:11:42 pm] End: NusoapSoap->registerClass
[2016 Mar 08 Tue 11:11:42 pm] Begin: SugarSoapService2->register
[2016 Mar 08 Tue 11:11:42 pm] Begin: registry->registerFunction
[2016 Mar 08 Tue 11:11:42 pm] END: registry->registerFunction
[2016 Mar 08 Tue 11:11:42 pm] End: SugarSoapService2->register
[2016 Mar 08 Tue 11:11:42 pm] Begin: NusoapSoap->registerImplClass
[2016 Mar 08 Tue 11:11:42 pm] End: NusoapSoap->registerImplClass
[2016 Mar 08 Tue 11:11:42 pm] Begin: NusoapSoap->serve
[2016 Mar 08 Tue 11:11:42 pm] RUNNING LOOKING FOR path==./resources/testdata/cil-rest/getAllProfile/7a4ba189625c4b35342c9e3f773c70d0
[2016 Mar 08 Tue 11:11:43 pm] Begin: NusoapSoap->__construct
[2016 Mar 08 Tue 11:11:43 pm] End: NusoapSoap->__construct
[2016 Mar 08 Tue 11:11:43 pm] Begin: NusoapSoap->registerClass
[2016 Mar 08 Tue 11:11:43 pm] End: NusoapSoap->registerClass
[2016 Mar 08 Tue 11:11:43 pm] Begin: SugarSoapService2->register
[2016 Mar 08 Tue 11:11:43 pm] Begin: registry->registerFunction
[2016 Mar 08 Tue 11:11:43 pm] END: registry->registerFunction
[2016 Mar 08 Tue 11:11:43 pm] End: SugarSoapService2->register
[2016 Mar 08 Tue 11:11:43 pm] Begin: NusoapSoap->registerImplClass
[2016 Mar 08 Tue 11:11:43 pm] End: NusoapSoap->registerImplClass
[2016 Mar 08 Tue 11:11:43 pm] Begin: NusoapSoap->serve
[2016 Mar 08 Tue 11:11:43 pm] RUNNING LOOKING FOR path==./resources/testdata/cil-rest/getAllProfile/24cd18763d956d717cb3cd6013406674
