[08-Mar-2016 23:19:20 America/New_York] PHP Strict Standards:  Declaration of CILService::getResponse() should be compatible with WebServiceImpl::getResponse($url, $input = NULL) in /var/www/html/MockServer/src/cil-soap/CILService.php on line 7
[08-Mar-2016 23:19:33 America/New_York] PHP Strict Standards:  Declaration of CILService::getResponse() should be compatible with WebServiceImpl::getResponse($url, $input = NULL) in /var/www/html/MockServer/src/cil-soap/CILService.php on line 7
[08-Mar-2016 23:20:30 America/New_York] PHP Strict Standards:  Declaration of CILService::getResponse() should be compatible with WebServiceImpl::getResponse($url, $input = NULL) in /var/www/html/MockServer/src/cil-soap/CILService.php on line 7
[08-Mar-2016 23:21:16 America/New_York] PHP Strict Standards:  Declaration of CILService::getResponse() should be compatible with WebServiceImpl::getResponse($url, $input = NULL) in /var/www/html/MockServer/src/cil-soap/CILService.php on line 7
[08-Mar-2016 23:21:38 America/New_York] PHP Strict Standards:  Declaration of CILService::getResponse() should be compatible with WebServiceImpl::getResponse($url, $input = NULL) in /var/www/html/MockServer/src/cil-soap/CILService.php on line 7
[08-Mar-2016 23:24:44 America/New_York] PHP Strict Standards:  Declaration of CILService::getResponse() should be compatible with WebServiceImpl::getResponse($url, $input = NULL) in /var/www/html/MockServer/src/cil-soap/CILService.php on line 7
[08-Mar-2016 23:46:56 America/New_York] PHP Strict Standards:  Declaration of CILService::getResponse() should be compatible with WebServiceImpl::getResponse($url, $input = NULL) in /var/www/html/MockServer/src/cil-soap/CILService.php on line 7
[08-Mar-2016 23:49:06 America/New_York] PHP Strict Standards:  Declaration of CILService::getResponse() should be compatible with WebServiceImpl::getResponse($url, $input = NULL) in /var/www/html/MockServer/src/cil-soap/CILService.php on line 7
[08-Mar-2016 23:49:17 America/New_York] PHP Strict Standards:  Declaration of CILService::getResponse() should be compatible with WebServiceImpl::getResponse($url, $input = NULL) in /var/www/html/MockServer/src/cil-soap/CILService.php on line 7
[08-Mar-2016 23:53:20 America/New_York] PHP Strict Standards:  Declaration of CILService::getResponse() should be compatible with WebServiceImpl::getResponse($url, $input = NULL) in /var/www/html/MockServer/src/cil-soap/CILService.php on line 7
[08-Mar-2016 23:53:20 America/New_York] PHP Warning:  require_once(../service/core/SoapService2.php): failed to open stream: No such file or directory in /var/www/html/MockServer/src/cil-soap/soap.php on line 7
[08-Mar-2016 23:53:20 America/New_York] PHP Fatal error:  require_once(): Failed opening required '../service/core/SoapService2.php' (include_path='.:/usr/share/php:/usr/share/pear') in /var/www/html/MockServer/src/cil-soap/soap.php on line 7
[08-Mar-2016 23:53:57 America/New_York] PHP Strict Standards:  Declaration of CILService::getResponse() should be compatible with WebServiceImpl::getResponse($url, $input = NULL) in /var/www/html/MockServer/src/cil-soap/CILService.php on line 7
[08-Mar-2016 23:53:57 America/New_York] PHP Warning:  require_once(../service/core/SoapService2.php): failed to open stream: No such file or directory in /var/www/html/MockServer/src/cil-soap/soap.php on line 7
[08-Mar-2016 23:53:57 America/New_York] PHP Fatal error:  require_once(): Failed opening required '../service/core/SoapService2.php' (include_path='.:/usr/share/php:/usr/share/pear') in /var/www/html/MockServer/src/cil-soap/soap.php on line 7
[08-Mar-2016 23:54:21 America/New_York] PHP Strict Standards:  Declaration of CILService::getResponse() should be compatible with WebServiceImpl::getResponse($url, $input = NULL) in /var/www/html/MockServer/src/cil-soap/CILService.php on line 7
[08-Mar-2016 23:54:53 America/New_York] PHP Strict Standards:  Declaration of CILService::getResponse() should be compatible with WebServiceImpl::getResponse($url, $input = NULL) in /var/www/html/MockServer/src/cil-soap/CILService.php on line 7
[08-Mar-2016 23:54:53 America/New_York] PHP Warning:  fopen(../../mockserver.log): failed to open stream: Permission denied in /var/www/html/MockServer/src/utils/custom_functions.php on line 5
[08-Mar-2016 23:54:53 America/New_York] PHP Warning:  fwrite() expects parameter 1 to be resource, boolean given in /var/www/html/MockServer/src/utils/custom_functions.php on line 13
[08-Mar-2016 23:54:53 America/New_York] PHP Warning:  fwrite() expects parameter 1 to be resource, boolean given in /var/www/html/MockServer/src/utils/custom_functions.php on line 15
[08-Mar-2016 23:54:53 America/New_York] PHP Warning:  fclose() expects parameter 1 to be resource, boolean given in /var/www/html/MockServer/src/utils/custom_functions.php on line 16
[08-Mar-2016 23:54:53 America/New_York] PHP Warning:  fopen(../../mockserver.log): failed to open stream: Permission denied in /var/www/html/MockServer/src/utils/custom_functions.php on line 5
[08-Mar-2016 23:54:53 America/New_York] PHP Warning:  fwrite() expects parameter 1 to be resource, boolean given in /var/www/html/MockServer/src/utils/custom_functions.php on line 13
[08-Mar-2016 23:54:53 America/New_York] PHP Warning:  fwrite() expects parameter 1 to be resource, boolean given in /var/www/html/MockServer/src/utils/custom_functions.php on line 15
[08-Mar-2016 23:54:53 America/New_York] PHP Warning:  fclose() expects parameter 1 to be resource, boolean given in /var/www/html/MockServer/src/utils/custom_functions.php on line 16
[08-Mar-2016 23:57:19 America/New_York] PHP Strict Standards:  Declaration of CILService::getResponse() should be compatible with WebServiceImpl::getResponse($url, $input = NULL) in /var/www/html/MockServer/src/cil-soap/CILService.php on line 7
[08-Mar-2016 23:57:21 America/New_York] PHP Strict Standards:  Declaration of CILService::getResponse() should be compatible with WebServiceImpl::getResponse($url, $input = NULL) in /var/www/html/MockServer/src/cil-soap/CILService.php on line 7
[08-Mar-2016 23:57:23 America/New_York] PHP Strict Standards:  Declaration of CILService::getResponse() should be compatible with WebServiceImpl::getResponse($url, $input = NULL) in /var/www/html/MockServer/src/cil-soap/CILService.php on line 7
[08-Mar-2016 23:57:30 America/New_York] PHP Strict Standards:  Declaration of CILService::getResponse() should be compatible with WebServiceImpl::getResponse($url, $input = NULL) in /var/www/html/MockServer/src/cil-soap/CILService.php on line 7
[08-Mar-2016 23:57:30 America/New_York] PHP Warning:  fopen(../../mockserver.log): failed to open stream: Permission denied in /var/www/html/MockServer/src/utils/custom_functions.php on line 5
[08-Mar-2016 23:57:30 America/New_York] PHP Warning:  fwrite() expects parameter 1 to be resource, boolean given in /var/www/html/MockServer/src/utils/custom_functions.php on line 13
[08-Mar-2016 23:57:30 America/New_York] PHP Warning:  fwrite() expects parameter 1 to be resource, boolean given in /var/www/html/MockServer/src/utils/custom_functions.php on line 15
[08-Mar-2016 23:57:30 America/New_York] PHP Warning:  fclose() expects parameter 1 to be resource, boolean given in /var/www/html/MockServer/src/utils/custom_functions.php on line 16
[08-Mar-2016 23:57:30 America/New_York] PHP Warning:  fopen(../../mockserver.log): failed to open stream: Permission denied in /var/www/html/MockServer/src/utils/custom_functions.php on line 5
[08-Mar-2016 23:57:30 America/New_York] PHP Warning:  fwrite() expects parameter 1 to be resource, boolean given in /var/www/html/MockServer/src/utils/custom_functions.php on line 13
[08-Mar-2016 23:57:30 America/New_York] PHP Warning:  fwrite() expects parameter 1 to be resource, boolean given in /var/www/html/MockServer/src/utils/custom_functions.php on line 15
[08-Mar-2016 23:57:30 America/New_York] PHP Warning:  fclose() expects parameter 1 to be resource, boolean given in /var/www/html/MockServer/src/utils/custom_functions.php on line 16
